[2023-05-05 00:36:11Z INFO HostContext] No proxy settings were found based on environmental variables (http_proxy/https_proxy/HTTP_PROXY/HTTPS_PROXY)
[2023-05-05 00:36:11Z INFO HostContext] Well known directory 'Bin': '/Users/roberthaisfield/Dropbox/LogSeq Quartz Overlayer/quartz/actions-runner/bin'
[2023-05-05 00:36:11Z INFO HostContext] Well known directory 'Root': '/Users/roberthaisfield/Dropbox/LogSeq Quartz Overlayer/quartz/actions-runner'
[2023-05-05 00:36:11Z INFO HostContext] Well known config file 'Credentials': '/Users/roberthaisfield/Dropbox/LogSeq Quartz Overlayer/quartz/actions-runner/.credentials'
[2023-05-05 00:36:11Z INFO HostContext] Well known directory 'Bin': '/Users/roberthaisfield/Dropbox/LogSeq Quartz Overlayer/quartz/actions-runner/bin'
[2023-05-05 00:36:11Z INFO HostContext] Well known directory 'Root': '/Users/roberthaisfield/Dropbox/LogSeq Quartz Overlayer/quartz/actions-runner'
[2023-05-05 00:36:11Z INFO HostContext] Well known config file 'Runner': '/Users/roberthaisfield/Dropbox/LogSeq Quartz Overlayer/quartz/actions-runner/.runner'
[2023-05-05 00:36:11Z INFO Listener] Runner is built for OSX (Arm64) - osx-arm64.
[2023-05-05 00:36:11Z INFO Listener] RuntimeInformation: Darwin 22.2.0 Darwin Kernel Version 22.2.0: Sun Oct 16 18:09:52 PDT 2022; root:xnu-8792.60.32.0.1~11/RELEASE_ARM64_T6000.
[2023-05-05 00:36:11Z INFO Listener] Version: 2.304.0
[2023-05-05 00:36:11Z INFO Listener] Commit: 9ef4121b5b31ee5c03b7770288213d741081f747
[2023-05-05 00:36:11Z INFO Listener] Culture: en-US
[2023-05-05 00:36:11Z INFO Listener] UI Culture: en-US
[2023-05-05 00:36:11Z INFO HostContext] Well known directory 'Bin': '/Users/roberthaisfield/Dropbox/LogSeq Quartz Overlayer/quartz/actions-runner/bin'
[2023-05-05 00:36:11Z INFO HostContext] Well known directory 'Root': '/Users/roberthaisfield/Dropbox/LogSeq Quartz Overlayer/quartz/actions-runner'
[2023-05-05 00:36:11Z INFO Listener] Validating directory permissions for: '/Users/roberthaisfield/Dropbox/LogSeq Quartz Overlayer/quartz/actions-runner'
[2023-05-05 00:36:11Z INFO CommandLineParser] Parse
[2023-05-05 00:36:11Z INFO CommandLineParser] Parsing 5 args
[2023-05-05 00:36:11Z INFO CommandLineParser] parsing argument
[2023-05-05 00:36:11Z INFO CommandLineParser] HasArgs: False
[2023-05-05 00:36:11Z INFO CommandLineParser] Adding Command: configure
[2023-05-05 00:36:11Z INFO CommandLineParser] parsing argument
[2023-05-05 00:36:11Z INFO CommandLineParser] HasArgs: True
[2023-05-05 00:36:11Z INFO CommandLineParser] arg: url
[2023-05-05 00:36:11Z INFO CommandLineParser] parsing argument
[2023-05-05 00:36:11Z INFO CommandLineParser] HasArgs: True
[2023-05-05 00:36:11Z INFO CommandLineParser] Adding option 'url': 'https://github.com/classicrob/quartz'
[2023-05-05 00:36:11Z INFO CommandLineParser] parsing argument
[2023-05-05 00:36:11Z INFO CommandLineParser] HasArgs: True
[2023-05-05 00:36:11Z INFO CommandLineParser] arg: token
[2023-05-05 00:36:11Z INFO CommandLineParser] parsing argument
[2023-05-05 00:36:11Z INFO CommandLineParser] HasArgs: True
[2023-05-05 00:36:11Z INFO CommandLineParser] Adding option 'token': '***'
[2023-05-05 00:36:11Z INFO Listener] Arguments parsed
[2023-05-05 00:36:11Z INFO Runner] ExecuteCommand
[2023-05-05 00:36:11Z INFO ConfigurationStore] currentAssemblyLocation: /Users/roberthaisfield/Dropbox/LogSeq Quartz Overlayer/quartz/actions-runner/bin/Runner.Listener.dll
[2023-05-05 00:36:11Z INFO HostContext] Well known directory 'Bin': '/Users/roberthaisfield/Dropbox/LogSeq Quartz Overlayer/quartz/actions-runner/bin'
[2023-05-05 00:36:11Z INFO ConfigurationStore] binPath: /Users/roberthaisfield/Dropbox/LogSeq Quartz Overlayer/quartz/actions-runner/bin
[2023-05-05 00:36:11Z INFO HostContext] Well known directory 'Bin': '/Users/roberthaisfield/Dropbox/LogSeq Quartz Overlayer/quartz/actions-runner/bin'
[2023-05-05 00:36:11Z INFO HostContext] Well known directory 'Root': '/Users/roberthaisfield/Dropbox/LogSeq Quartz Overlayer/quartz/actions-runner'
[2023-05-05 00:36:11Z INFO ConfigurationStore] RootFolder: /Users/roberthaisfield/Dropbox/LogSeq Quartz Overlayer/quartz/actions-runner
[2023-05-05 00:36:11Z INFO HostContext] Well known directory 'Bin': '/Users/roberthaisfield/Dropbox/LogSeq Quartz Overlayer/quartz/actions-runner/bin'
[2023-05-05 00:36:11Z INFO HostContext] Well known directory 'Root': '/Users/roberthaisfield/Dropbox/LogSeq Quartz Overlayer/quartz/actions-runner'
[2023-05-05 00:36:11Z INFO HostContext] Well known config file 'Runner': '/Users/roberthaisfield/Dropbox/LogSeq Quartz Overlayer/quartz/actions-runner/.runner'
[2023-05-05 00:36:11Z INFO ConfigurationStore] ConfigFilePath: /Users/roberthaisfield/Dropbox/LogSeq Quartz Overlayer/quartz/actions-runner/.runner
[2023-05-05 00:36:11Z INFO HostContext] Well known directory 'Bin': '/Users/roberthaisfield/Dropbox/LogSeq Quartz Overlayer/quartz/actions-runner/bin'
[2023-05-05 00:36:11Z INFO HostContext] Well known directory 'Root': '/Users/roberthaisfield/Dropbox/LogSeq Quartz Overlayer/quartz/actions-runner'
[2023-05-05 00:36:11Z INFO HostContext] Well known config file 'Credentials': '/Users/roberthaisfield/Dropbox/LogSeq Quartz Overlayer/quartz/actions-runner/.credentials'
[2023-05-05 00:36:11Z INFO ConfigurationStore] CredFilePath: /Users/roberthaisfield/Dropbox/LogSeq Quartz Overlayer/quartz/actions-runner/.credentials
[2023-05-05 00:36:11Z INFO HostContext] Well known directory 'Bin': '/Users/roberthaisfield/Dropbox/LogSeq Quartz Overlayer/quartz/actions-runner/bin'
[2023-05-05 00:36:11Z INFO HostContext] Well known directory 'Root': '/Users/roberthaisfield/Dropbox/LogSeq Quartz Overlayer/quartz/actions-runner'
[2023-05-05 00:36:11Z INFO HostContext] Well known config file 'MigratedCredentials': '/Users/roberthaisfield/Dropbox/LogSeq Quartz Overlayer/quartz/actions-runner/.credentials_migrated'
[2023-05-05 00:36:11Z INFO ConfigurationStore] MigratedCredFilePath: /Users/roberthaisfield/Dropbox/LogSeq Quartz Overlayer/quartz/actions-runner/.credentials_migrated
[2023-05-05 00:36:11Z INFO HostContext] Well known directory 'Bin': '/Users/roberthaisfield/Dropbox/LogSeq Quartz Overlayer/quartz/actions-runner/bin'
[2023-05-05 00:36:11Z INFO HostContext] Well known directory 'Root': '/Users/roberthaisfield/Dropbox/LogSeq Quartz Overlayer/quartz/actions-runner'
[2023-05-05 00:36:11Z INFO HostContext] Well known config file 'Service': '/Users/roberthaisfield/Dropbox/LogSeq Quartz Overlayer/quartz/actions-runner/.service'
[2023-05-05 00:36:11Z INFO ConfigurationStore] ServiceConfigFilePath: /Users/roberthaisfield/Dropbox/LogSeq Quartz Overlayer/quartz/actions-runner/.service
[2023-05-05 00:36:11Z INFO CommandSettings] Flag 'help': 'False'
[2023-05-05 00:36:11Z INFO CommandSettings] Flag 'version': 'False'
[2023-05-05 00:36:11Z INFO CommandSettings] Flag 'commit': 'False'
[2023-05-05 00:36:11Z INFO CommandSettings] Flag 'check': 'False'
[2023-05-05 00:36:11Z INFO CommandSettings] Command 'configure': 'True'
[2023-05-05 00:36:11Z INFO Terminal] WRITE LINE: 
[2023-05-05 00:36:11Z INFO Terminal] WRITE LINE: --------------------------------------------------------------------------------
[2023-05-05 00:36:11Z INFO Terminal] WRITE LINE: |        ____ _ _   _   _       _          _        _   _                      |
[2023-05-05 00:36:11Z INFO Terminal] WRITE LINE: |       / ___(_) |_| | | |_   _| |__      / \   ___| |_(_) ___  _ __  ___      |
[2023-05-05 00:36:11Z INFO Terminal] WRITE LINE: |      | |  _| | __| |_| | | | | '_ \    / _ \ / __| __| |/ _ \| '_ \/ __|     |
[2023-05-05 00:36:11Z INFO Terminal] WRITE LINE: |      | |_| | | |_|  _  | |_| | |_) |  / ___ \ (__| |_| | (_) | | | \__ \     |
[2023-05-05 00:36:11Z INFO Terminal] WRITE LINE: |       \____|_|\__|_| |_|\__,_|_.__/  /_/   \_\___|\__|_|\___/|_| |_|___/     |
[2023-05-05 00:36:11Z INFO Terminal] WRITE LINE: |                                                                              |
[2023-05-05 00:36:11Z INFO Terminal] WRITE: |                       
[2023-05-05 00:36:11Z INFO Terminal] WRITE: Self-hosted runner registration
[2023-05-05 00:36:11Z INFO Terminal] WRITE LINE:                         |
[2023-05-05 00:36:11Z INFO Terminal] WRITE LINE: |                                                                              |
[2023-05-05 00:36:11Z INFO Terminal] WRITE LINE: --------------------------------------------------------------------------------
[2023-05-05 00:36:11Z INFO ConfigurationManager] ConfigureAsync
[2023-05-05 00:36:11Z INFO CommandSettings] Flag 'generateServiceConfig': 'False'
[2023-05-05 00:36:11Z INFO ConfigurationStore] IsConfigured()
[2023-05-05 00:36:11Z INFO ConfigurationStore] IsConfigured: False
[2023-05-05 00:36:11Z INFO ConfigurationManager] Is configured: False
[2023-05-05 00:36:11Z INFO CommandSettings] Arg 'url': 'https://github.com/classicrob/quartz'
[2023-05-05 00:36:11Z INFO CommandSettings] Remove url from Arg dictionary.
[2023-05-05 00:36:11Z INFO CommandSettings] Arg 'token': '***'
[2023-05-05 00:36:11Z INFO CommandSettings] Remove token from Arg dictionary.
[2023-05-05 00:36:12Z INFO ConfigurationManager] Http response code: OK from 'POST https://api.github.com/actions/runner-registration' (D556:1211:1ADC290:1BAB872:64544F7B)
[2023-05-05 00:36:12Z INFO Terminal] WRITE LINE: Using V2 flow: False
[2023-05-05 00:36:12Z INFO ConfigurationManager] cred retrieved via GitHub auth
[2023-05-05 00:36:12Z INFO RunnerServer] EstablishVssConnection
[2023-05-05 00:36:12Z INFO RunnerServer] Establish connection with 100 seconds timeout.
[2023-05-05 00:36:12Z INFO GitHubActionsService] Starting operation Location.GetConnectionData
[2023-05-05 00:36:12Z INFO RunnerServer] EstablishVssConnection
[2023-05-05 00:36:12Z INFO RunnerServer] Establish connection with 60 seconds timeout.
[2023-05-05 00:36:12Z INFO GitHubActionsService] Starting operation Location.GetConnectionData
[2023-05-05 00:36:12Z INFO RunnerServer] EstablishVssConnection
[2023-05-05 00:36:12Z INFO RunnerServer] Establish connection with 60 seconds timeout.
[2023-05-05 00:36:12Z INFO GitHubActionsService] Starting operation Location.GetConnectionData
[2023-05-05 00:36:12Z INFO GitHubActionsService] Finished operation Location.GetConnectionData
[2023-05-05 00:36:12Z INFO GitHubActionsService] Finished operation Location.GetConnectionData
[2023-05-05 00:36:12Z INFO GitHubActionsService] Finished operation Location.GetConnectionData
[2023-05-05 00:36:12Z INFO Terminal] WRITE LINE: 
[2023-05-05 00:36:12Z INFO ConfigurationManager] Test Connection complete.
[2023-05-05 00:36:12Z INFO HostContext] Well known directory 'Bin': '/Users/roberthaisfield/Dropbox/LogSeq Quartz Overlayer/quartz/actions-runner/bin'
[2023-05-05 00:36:12Z INFO HostContext] Well known directory 'Root': '/Users/roberthaisfield/Dropbox/LogSeq Quartz Overlayer/quartz/actions-runner'
[2023-05-05 00:36:12Z INFO HostContext] Well known config file 'RSACredentials': '/Users/roberthaisfield/Dropbox/LogSeq Quartz Overlayer/quartz/actions-runner/.credentials_rsaparams'
[2023-05-05 00:36:12Z INFO RSAFileKeyManager] Creating new RSA key using 2048-bit key length
[2023-05-05 00:36:12Z INFO RSAFileKeyManager] Successfully saved RSA key parameters to file /Users/roberthaisfield/Dropbox/LogSeq Quartz Overlayer/quartz/actions-runner/.credentials_rsaparams
[2023-05-05 00:36:12Z INFO RSAFileKeyManager] Which: 'chmod'
[2023-05-05 00:36:13Z INFO RSAFileKeyManager] Location: '/bin/chmod'
[2023-05-05 00:36:13Z INFO HostContext] Well known directory 'Bin': '/Users/roberthaisfield/Dropbox/LogSeq Quartz Overlayer/quartz/actions-runner/bin'
[2023-05-05 00:36:13Z INFO HostContext] Well known directory 'Root': '/Users/roberthaisfield/Dropbox/LogSeq Quartz Overlayer/quartz/actions-runner'
[2023-05-05 00:36:13Z INFO ProcessInvokerWrapper] Starting process:
[2023-05-05 00:36:13Z INFO ProcessInvokerWrapper]   File name: '/bin/chmod'
[2023-05-05 00:36:13Z INFO ProcessInvokerWrapper]   Arguments: '600 /Users/roberthaisfield/Dropbox/LogSeq Quartz Overlayer/quartz/actions-runner/.credentials_rsaparams'
[2023-05-05 00:36:13Z INFO ProcessInvokerWrapper]   Working directory: '/Users/roberthaisfield/Dropbox/LogSeq Quartz Overlayer/quartz/actions-runner'
[2023-05-05 00:36:13Z INFO ProcessInvokerWrapper]   Require exit code zero: 'False'
[2023-05-05 00:36:13Z INFO ProcessInvokerWrapper]   Encoding web name:  ; code page: ''
[2023-05-05 00:36:13Z INFO ProcessInvokerWrapper]   Force kill process on cancellation: 'False'
[2023-05-05 00:36:13Z INFO ProcessInvokerWrapper]   Redirected STDIN: 'False'
[2023-05-05 00:36:13Z INFO ProcessInvokerWrapper]   Persist current code page: 'False'
[2023-05-05 00:36:13Z INFO ProcessInvokerWrapper]   Keep redirected STDIN open: 'False'
[2023-05-05 00:36:13Z INFO ProcessInvokerWrapper]   High priority process: 'False'
[2023-05-05 00:36:13Z INFO ProcessInvokerWrapper] Process started with process id 25142, waiting for process exit.
[2023-05-05 00:36:13Z INFO ProcessInvokerWrapper] STDOUT/STDERR stream read finished.
[2023-05-05 00:36:13Z INFO ProcessInvokerWrapper] STDOUT/STDERR stream read finished.
[2023-05-05 00:36:13Z INFO ProcessInvokerWrapper] Finished process 25142 with exit code 1, and elapsed time 00:00:00.0519935.
[2023-05-05 00:36:13Z WARN RSAFileKeyManager] Unable to succesfully set permissions for RSA key parameters file /Users/roberthaisfield/Dropbox/LogSeq Quartz Overlayer/quartz/actions-runner/.credentials_rsaparams. Received exit code 1 from /bin/chmod
[2023-05-05 00:36:13Z INFO CommandSettings] Arg 'runnergroup': ''
[2023-05-05 00:36:13Z INFO CommandSettings] Flag 'unattended': 'False'
[2023-05-05 00:36:13Z INFO PromptManager] ReadValue
[2023-05-05 00:36:13Z INFO Terminal] WRITE: Enter the name of the runner group to add this runner to: 
[2023-05-05 00:36:13Z INFO Terminal] WRITE: [press Enter for Default] 
[2023-05-05 00:36:13Z INFO Terminal] READ LINE
[2023-05-05 00:36:18Z INFO Terminal] Read value: ''
[2023-05-05 00:36:18Z INFO PromptManager] Falling back to the default: 'Default'
[2023-05-05 00:36:18Z INFO Terminal] WRITE LINE: 
[2023-05-05 00:36:18Z INFO ConfigurationManager] Found a self-hosted runner group with id 1 and name Default
[2023-05-05 00:36:18Z INFO CommandSettings] Flag 'disableupdate': 'False'
[2023-05-05 00:36:18Z INFO CommandSettings] Flag 'ephemeral': 'False'
[2023-05-05 00:36:18Z INFO CommandSettings] Arg 'name': ''
[2023-05-05 00:36:18Z INFO CommandSettings] Flag 'unattended': 'False'
[2023-05-05 00:36:18Z INFO PromptManager] ReadValue
[2023-05-05 00:36:18Z INFO Terminal] WRITE: Enter the name of runner: 
[2023-05-05 00:36:18Z INFO Terminal] WRITE: [press Enter for MacBook-Pro-9] 
[2023-05-05 00:36:18Z INFO Terminal] READ LINE
[2023-05-05 00:36:23Z INFO Terminal] Read value: ''
[2023-05-05 00:36:23Z INFO PromptManager] Falling back to the default: 'MacBook-Pro-9'
[2023-05-05 00:36:23Z INFO Terminal] WRITE LINE: 
[2023-05-05 00:36:23Z INFO CommandSettings] Arg 'labels': ''
[2023-05-05 00:36:23Z INFO CommandSettings] Flag 'unattended': 'False'
[2023-05-05 00:36:23Z INFO PromptManager] ReadValue
[2023-05-05 00:36:23Z INFO Terminal] WRITE: This runner will have the following labels: 'self-hosted', 'macOS', 'ARM64' 
Enter any additional labels (ex. label-1,label-2): 
[2023-05-05 00:36:23Z INFO Terminal] WRITE: [press Enter to skip] 
[2023-05-05 00:36:23Z INFO Terminal] READ LINE
[2023-05-05 00:36:27Z INFO Terminal] Read value: ''
[2023-05-05 00:36:27Z INFO Terminal] WRITE LINE: 
[2023-05-05 00:36:27Z INFO CommandSettings] Flag 'disableupdate': 'False'
[2023-05-05 00:36:27Z INFO CommandSettings] Flag 'disableupdate': 'False'
[2023-05-05 00:36:27Z INFO CommandSettings] Flag 'ephemeral': 'False'
[2023-05-05 00:36:27Z INFO ConfigurationStore] Saving OAuth credential @ /Users/roberthaisfield/Dropbox/LogSeq Quartz Overlayer/quartz/actions-runner/.credentials
[2023-05-05 00:36:27Z INFO ConfigurationStore] Credentials Saved.
[2023-05-05 00:36:27Z INFO ConfigurationStore] HasCredentials()
[2023-05-05 00:36:27Z INFO ConfigurationStore] stored True
[2023-05-05 00:36:27Z INFO CredentialManager] GetCredentialProvider
[2023-05-05 00:36:27Z INFO CredentialManager] Creating type OAuth
[2023-05-05 00:36:27Z INFO CredentialManager] Creating credential type: OAuth
[2023-05-05 00:36:27Z INFO RSAFileKeyManager] Loading RSA key parameters from file /Users/roberthaisfield/Dropbox/LogSeq Quartz Overlayer/quartz/actions-runner/.credentials_rsaparams
[2023-05-05 00:36:27Z INFO RunnerServer] EstablishVssConnection
[2023-05-05 00:36:27Z INFO RunnerServer] Establish connection with 100 seconds timeout.
[2023-05-05 00:36:27Z INFO GitHubActionsService] Starting operation Location.GetConnectionData
[2023-05-05 00:36:27Z INFO RunnerServer] EstablishVssConnection
[2023-05-05 00:36:27Z INFO RunnerServer] Establish connection with 60 seconds timeout.
[2023-05-05 00:36:27Z INFO GitHubActionsService] Starting operation Location.GetConnectionData
[2023-05-05 00:36:27Z INFO RunnerServer] EstablishVssConnection
[2023-05-05 00:36:27Z INFO RunnerServer] Establish connection with 60 seconds timeout.
[2023-05-05 00:36:27Z INFO GitHubActionsService] Starting operation Location.GetConnectionData
[2023-05-05 00:36:28Z INFO GitHubActionsService] Finished operation Location.GetConnectionData
[2023-05-05 00:36:28Z INFO GitHubActionsService] Finished operation Location.GetConnectionData
[2023-05-05 00:36:28Z INFO GitHubActionsService] Finished operation Location.GetConnectionData
[2023-05-05 00:36:28Z INFO RSAFileKeyManager] Loading RSA key parameters from file /Users/roberthaisfield/Dropbox/LogSeq Quartz Overlayer/quartz/actions-runner/.credentials_rsaparams
[2023-05-05 00:36:28Z INFO RSAFileKeyManager] Loading RSA key parameters from file /Users/roberthaisfield/Dropbox/LogSeq Quartz Overlayer/quartz/actions-runner/.credentials_rsaparams
[2023-05-05 00:36:28Z INFO GitHubActionsService] AAD Correlation ID for this token request: Unknown
[2023-05-05 00:36:28Z INFO CommandSettings] Arg 'work': ''
[2023-05-05 00:36:28Z INFO CommandSettings] Flag 'unattended': 'False'
[2023-05-05 00:36:28Z INFO PromptManager] ReadValue
[2023-05-05 00:36:28Z INFO Terminal] WRITE: Enter name of work folder: 
[2023-05-05 00:36:28Z INFO Terminal] WRITE: [press Enter for _work] 
[2023-05-05 00:36:28Z INFO Terminal] READ LINE
[2023-05-05 00:36:34Z INFO Terminal] Read value: ''
[2023-05-05 00:36:34Z INFO PromptManager] Falling back to the default: '_work'
[2023-05-05 00:36:34Z INFO ConfigurationStore] Saving runner settings.
[2023-05-05 00:36:34Z INFO ConfigurationStore] Settings Saved.
[2023-05-05 00:36:34Z INFO Terminal] WRITE LINE: 
[2023-05-05 00:36:34Z INFO Terminal] WRITE LINE: 
[2023-05-05 00:36:34Z INFO OsxServiceControlManager] Service name 'actions.runner.classicrob-quartz.MacBook-Pro-9' display name 'GitHub Actions Runner (classicrob-quartz.MacBook-Pro-9)' will be used for service configuration.
[2023-05-05 00:36:34Z INFO HostContext] Well known directory 'Bin': '/Users/roberthaisfield/Dropbox/LogSeq Quartz Overlayer/quartz/actions-runner/bin'
[2023-05-05 00:36:34Z INFO HostContext] Well known directory 'Root': '/Users/roberthaisfield/Dropbox/LogSeq Quartz Overlayer/quartz/actions-runner'
[2023-05-05 00:36:34Z INFO HostContext] Well known directory 'Bin': '/Users/roberthaisfield/Dropbox/LogSeq Quartz Overlayer/quartz/actions-runner/bin'
[2023-05-05 00:36:34Z INFO HostContext] Well known directory 'Bin': '/Users/roberthaisfield/Dropbox/LogSeq Quartz Overlayer/quartz/actions-runner/bin'
[2023-05-05 00:36:34Z INFO HostContext] Well known directory 'Root': '/Users/roberthaisfield/Dropbox/LogSeq Quartz Overlayer/quartz/actions-runner'
[2023-05-05 00:36:34Z INFO UnixUtil] Which: 'chmod'
[2023-05-05 00:36:34Z INFO UnixUtil] Location: '/bin/chmod'
[2023-05-05 00:36:34Z INFO UnixUtil] Running /bin/chmod 755 "/Users/roberthaisfield/Dropbox/LogSeq Quartz Overlayer/quartz/actions-runner/svc.sh"
[2023-05-05 00:36:34Z INFO ProcessInvokerWrapper] Starting process:
[2023-05-05 00:36:34Z INFO ProcessInvokerWrapper]   File name: '/bin/chmod'
[2023-05-05 00:36:34Z INFO ProcessInvokerWrapper]   Arguments: '755 "/Users/roberthaisfield/Dropbox/LogSeq Quartz Overlayer/quartz/actions-runner/svc.sh"'
[2023-05-05 00:36:34Z INFO ProcessInvokerWrapper]   Working directory: '/Users/roberthaisfield/Dropbox/LogSeq Quartz Overlayer/quartz/actions-runner'
[2023-05-05 00:36:34Z INFO ProcessInvokerWrapper]   Require exit code zero: 'True'
[2023-05-05 00:36:34Z INFO ProcessInvokerWrapper]   Encoding web name:  ; code page: ''
[2023-05-05 00:36:34Z INFO ProcessInvokerWrapper]   Force kill process on cancellation: 'False'
[2023-05-05 00:36:34Z INFO ProcessInvokerWrapper]   Redirected STDIN: 'False'
[2023-05-05 00:36:34Z INFO ProcessInvokerWrapper]   Persist current code page: 'False'
[2023-05-05 00:36:34Z INFO ProcessInvokerWrapper]   Keep redirected STDIN open: 'False'
[2023-05-05 00:36:34Z INFO ProcessInvokerWrapper]   High priority process: 'False'
[2023-05-05 00:36:34Z INFO ProcessInvokerWrapper] Process started with process id 25157, waiting for process exit.
[2023-05-05 00:36:34Z INFO ProcessInvokerWrapper] STDOUT/STDERR stream read finished.
[2023-05-05 00:36:34Z INFO ProcessInvokerWrapper] STDOUT/STDERR stream read finished.
[2023-05-05 00:36:34Z INFO ProcessInvokerWrapper] Finished process 25157 with exit code 0, and elapsed time 00:00:00.0450412.
[2023-05-05 00:36:34Z INFO Listener] Runner execution has finished with return code 0
